Starting StarWeather Ultra-Sync Watcher (V3 - Hardened)...
Monitoring: /Users/creytdeveloper/Documents/vetinh
[main 9fd0fbe] Auto-sync: app/Engines/Geo/ (2026-02-16 18:55:21)
 Committer: Nguyễn Thành Biên <creytdeveloper@xdigital-2.local>
Your name and email address were configured automatically based
on your username and hostname. Please check that they are accurate.
You can suppress this message by setting them explicitly. Run the
following command and follow the instructions in your editor to edit
your configuration file:

    git config --global --edit

After doing this, you may fix the identity used for this commit with:

    git commit --amend --reset-author

 3 files changed, 101 insertions(+), 1 deletion(-)
 create mode 100644 app/Engines/Geo/GeoEngine.php
To https://github.com/creyt2012/vetinh.git
   f897598..9fd0fbe  main -> main
[main 9338649] Auto-sync: app/Http/Controllers/Api/V1/WeatherController.php (2026-02-16 18:55:32)
 Committer: Nguyễn Thành Biên <creytdeveloper@xdigital-2.local>
Your name and email address were configured automatically based
on your username and hostname. Please check that they are accurate.
You can suppress this message by setting them explicitly. Run the
following command and follow the instructions in your editor to edit
your configuration file:

    git config --global --edit

After doing this, you may fix the identity used for this commit with:

    git commit --amend --reset-author

 3 files changed, 50 insertions(+), 7 deletions(-)
To https://github.com/creyt2012/vetinh.git
   9fd0fbe..9338649  main -> main
[main 1a90738] Auto-sync: routes/api.php (2026-02-16 18:55:41)
 Committer: Nguyễn Thành Biên <creytdeveloper@xdigital-2.local>
Your name and email address were configured automatically based
on your username and hostname. Please check that they are accurate.
You can suppress this message by setting them explicitly. Run the
following command and follow the instructions in your editor to edit
your configuration file:

    git config --global --edit

After doing this, you may fix the identity used for this commit with:

    git commit --amend --reset-author

 3 files changed, 20 insertions(+)
To https://github.com/creyt2012/vetinh.git
   9338649..1a90738  main -> main
[main 9beffd8] Auto-sync: resources/js/Components/Globe.vue (2026-02-16 18:56:04)
 Committer: Nguyễn Thành Biên <creytdeveloper@xdigital-2.local>
Your name and email address were configured automatically based
on your username and hostname. Please check that they are accurate.
You can suppress this message by setting them explicitly. Run the
following command and follow the instructions in your editor to edit
your configuration file:

    git config --global --edit

After doing this, you may fix the identity used for this commit with:

    git commit --amend --reset-author

 3 files changed, 137 insertions(+), 2 deletions(-)
To https://github.com/creyt2012/vetinh.git
   1a90738..9beffd8  main -> main
[main 549e110] Auto-sync: resources/js/Pages/Dashboard.vue (2026-02-16 18:56:45)
 Committer: Nguyễn Thành Biên <creytdeveloper@xdigital-2.local>
Your name and email address were configured automatically based
on your username and hostname. Please check that they are accurate.
You can suppress this message by setting them explicitly. Run the
following command and follow the instructions in your editor to edit
your configuration file:

    git config --global --edit

After doing this, you may fix the identity used for this commit with:

    git commit --amend --reset-author

 3 files changed, 34 insertions(+), 6 deletions(-)
To https://github.com/creyt2012/vetinh.git
   9beffd8..549e110  main -> main
[main 8748fee] Auto-sync: resources/js/Components/Globe.vue (2026-02-16 18:56:55)
 Committer: Nguyễn Thành Biên <creytdeveloper@xdigital-2.local>
Your name and email address were configured automatically based
on your username and hostname. Please check that they are accurate.
You can suppress this message by setting them explicitly. Run the
following command and follow the instructions in your editor to edit
your configuration file:

    git config --global --edit

After doing this, you may fix the identity used for this commit with:

    git commit --amend --reset-author

 3 files changed, 29 insertions(+)
To https://github.com/creyt2012/vetinh.git
   549e110..8748fee  main -> main
[main a123f23] Auto-sync: resources/js/Pages/Dashboard.vue (2026-02-16 18:56:57)
 Committer: Nguyễn Thành Biên <creytdeveloper@xdigital-2.local>
Your name and email address were configured automatically based
on your username and hostname. Please check that they are accurate.
You can suppress this message by setting them explicitly. Run the
following command and follow the instructions in your editor to edit
your configuration file:

    git config --global --edit

After doing this, you may fix the identity used for this commit with:

    git commit --amend --reset-author

 3 files changed, 20 insertions(+)
To https://github.com/creyt2012/vetinh.git
   8748fee..a123f23  main -> main
[main 341a49c] Auto-sync: resources/js/Components/Globe.vue (2026-02-16 19:09:40)
 Committer: Nguyễn Thành Biên <creytdeveloper@xdigital-2.local>
Your name and email address were configured automatically based
on your username and hostname. Please check that they are accurate.
You can suppress this message by setting them explicitly. Run the
following command and follow the instructions in your editor to edit
your configuration file:

    git config --global --edit

After doing this, you may fix the identity used for this commit with:

    git commit --amend --reset-author

 3 files changed, 22 insertions(+), 2 deletions(-)
To https://github.com/creyt2012/vetinh.git
   a123f23..341a49c  main -> main
[main 6245387] Auto-sync: resources/js/Components/Globe.vue (2026-02-16 20:17:17)
 Committer: Nguyễn Thành Biên <creytdeveloper@xdigital-2.local>
Your name and email address were configured automatically based
on your username and hostname. Please check that they are accurate.
You can suppress this message by setting them explicitly. Run the
following command and follow the instructions in your editor to edit
your configuration file:

    git config --global --edit

After doing this, you may fix the identity used for this commit with:

    git commit --amend --reset-author

 3 files changed, 27 insertions(+), 4 deletions(-)
To https://github.com/creyt2012/vetinh.git
   341a49c..6245387  main -> main
[main 73b8cf4] Auto-sync: resources/js/Pages/Dashboard.vue (2026-02-16 20:18:08)
 Committer: Nguyễn Thành Biên <creytdeveloper@xdigital-2.local>
Your name and email address were configured automatically based
on your username and hostname. Please check that they are accurate.
You can suppress this message by setting them explicitly. Run the
following command and follow the instructions in your editor to edit
your configuration file:

    git config --global --edit

After doing this, you may fix the identity used for this commit with:

    git commit --amend --reset-author

 3 files changed, 24 insertions(+)
To https://github.com/creyt2012/vetinh.git
   6245387..73b8cf4  main -> main
[main 6986857] Auto-sync: resources/js/Components/Globe.vue (2026-02-16 20:18:31)
 Committer: Nguyễn Thành Biên <creytdeveloper@xdigital-2.local>
Your name and email address were configured automatically based
on your username and hostname. Please check that they are accurate.
You can suppress this message by setting them explicitly. Run the
following command and follow the instructions in your editor to edit
your configuration file:

    git config --global --edit

After doing this, you may fix the identity used for this commit with:

    git commit --amend --reset-author

 3 files changed, 20 insertions(+), 2 deletions(-)
To https://github.com/creyt2012/vetinh.git
   73b8cf4..6986857  main -> main
[main 623bb6e] Auto-sync: resources/js/Components/Globe.vue (2026-02-16 20:22:44)
 Committer: Nguyễn Thành Biên <creytdeveloper@xdigital-2.local>
Your name and email address were configured automatically based
on your username and hostname. Please check that they are accurate.
You can suppress this message by setting them explicitly. Run the
following command and follow the instructions in your editor to edit
your configuration file:

    git config --global --edit

After doing this, you may fix the identity used for this commit with:

    git commit --amend --reset-author

 3 files changed, 21 insertions(+)
To https://github.com/creyt2012/vetinh.git
   6986857..623bb6e  main -> main
[main b28d03b] Auto-sync: resources/js/Pages/Dashboard.vue (2026-02-16 22:56:40)
 Committer: Nguyễn Thành Biên <creytdeveloper@xdigital-2.local>
Your name and email address were configured automatically based
on your username and hostname. Please check that they are accurate.
You can suppress this message by setting them explicitly. Run the
following command and follow the instructions in your editor to edit
your configuration file:

    git config --global --edit

After doing this, you may fix the identity used for this commit with:

    git commit --amend --reset-author

 3 files changed, 183 insertions(+), 137 deletions(-)
To https://github.com/creyt2012/vetinh.git
   623bb6e..b28d03b  main -> main
[main 6f99814] Auto-sync: resources/js/Pages/Dashboard.vue (2026-02-16 23:00:57)
 Committer: Nguyễn Thành Biên <creytdeveloper@xdigital-2.local>
Your name and email address were configured automatically based
on your username and hostname. Please check that they are accurate.
You can suppress this message by setting them explicitly. Run the
following command and follow the instructions in your editor to edit
your configuration file:

    git config --global --edit

After doing this, you may fix the identity used for this commit with:

    git commit --amend --reset-author

 3 files changed, 34 insertions(+), 15 deletions(-)
To https://github.com/creyt2012/vetinh.git
   b28d03b..6f99814  main -> main
