Starting StarWeather Auto-Push Watcher...
Monitoring: /Users/creytdeveloper/Documents/vetinh
Change detected. Syncing to GitHub...
[main c0ee39f] Auto-sync: 2026-02-16 06:24:35
 Committer: Nguyễn Thành Biên <creytdeveloper@xdigital-2.local>
Your name and email address were configured automatically based
on your username and hostname. Please check that they are accurate.
You can suppress this message by setting them explicitly. Run the
following command and follow the instructions in your editor to edit
your configuration file:

    git config --global --edit

After doing this, you may fix the identity used for this commit with:

    git commit --amend --reset-author

 3 files changed, 108 insertions(+), 45 deletions(-)
 create mode 100644 git-autopush.log
 create mode 100755 git-autopush.sh
remote: No anonymous write access.
fatal: Authentication failed for 'https://github.com/creyt2012/vetinh.git/'
Successfully pushed changes.
Change detected. Syncing to GitHub...
[main 43548e0] Auto-sync: 2026-02-16 06:29:13
 Committer: Nguyễn Thành Biên <creytdeveloper@xdigital-2.local>
Your name and email address were configured automatically based
on your username and hostname. Please check that they are accurate.
You can suppress this message by setting them explicitly. Run the
following command and follow the instructions in your editor to edit
your configuration file:

    git config --global --edit

After doing this, you may fix the identity used for this commit with:

    git commit --amend --reset-author

 2 files changed, 28 insertions(+)
 create mode 100644 wiki/Introduction.md
To https://github.com/creyt2012/vetinh.git
   38ef309..43548e0  main -> main
Successfully pushed changes.
Change detected. Syncing to GitHub...
[main 1346608] Auto-sync: 2026-02-16 06:30:05
 Committer: Nguyễn Thành Biên <creytdeveloper@xdigital-2.local>
Your name and email address were configured automatically based
on your username and hostname. Please check that they are accurate.
You can suppress this message by setting them explicitly. Run the
following command and follow the instructions in your editor to edit
your configuration file:

    git config --global --edit

After doing this, you may fix the identity used for this commit with:

    git commit --amend --reset-author

 1 file changed, 20 insertions(+)
To https://github.com/creyt2012/vetinh.git
   f9d97bf..1346608  main -> main
Successfully pushed changes.
Change detected. Syncing to GitHub...
[main 381ff26] Auto-sync: 2026-02-16 06:30:06
 Committer: Nguyễn Thành Biên <creytdeveloper@xdigital-2.local>
Your name and email address were configured automatically based
on your username and hostname. Please check that they are accurate.
You can suppress this message by setting them explicitly. Run the
following command and follow the instructions in your editor to edit
your configuration file:

    git config --global --edit

After doing this, you may fix the identity used for this commit with:

    git commit --amend --reset-author

 1 file changed, 19 insertions(+)
To https://github.com/creyt2012/vetinh.git
   1346608..381ff26  main -> main
Successfully pushed changes.
Change detected. Syncing to GitHub...
[main b11cbe6] Auto-sync: 2026-02-16 06:30:08
 Committer: Nguyễn Thành Biên <creytdeveloper@xdigital-2.local>
Your name and email address were configured automatically based
on your username and hostname. Please check that they are accurate.
You can suppress this message by setting them explicitly. Run the
following command and follow the instructions in your editor to edit
your configuration file:

    git config --global --edit

After doing this, you may fix the identity used for this commit with:

    git commit --amend --reset-author

 1 file changed, 19 insertions(+)
To https://github.com/creyt2012/vetinh.git
   381ff26..b11cbe6  main -> main
Successfully pushed changes.
Change detected. Syncing to GitHub...
[main 4e2347a] Auto-sync: 2026-02-16 06:30:10
 Committer: Nguyễn Thành Biên <creytdeveloper@xdigital-2.local>
Your name and email address were configured automatically based
on your username and hostname. Please check that they are accurate.
You can suppress this message by setting them explicitly. Run the
following command and follow the instructions in your editor to edit
your configuration file:

    git config --global --edit

After doing this, you may fix the identity used for this commit with:

    git commit --amend --reset-author

 1 file changed, 19 insertions(+)
To https://github.com/creyt2012/vetinh.git
   b11cbe6..4e2347a  main -> main
Successfully pushed changes.
Change detected. Syncing to GitHub...
[main 7e3b4f8] Auto-sync: 2026-02-16 06:30:12
 Committer: Nguyễn Thành Biên <creytdeveloper@xdigital-2.local>
Your name and email address were configured automatically based
on your username and hostname. Please check that they are accurate.
You can suppress this message by setting them explicitly. Run the
following command and follow the instructions in your editor to edit
your configuration file:

    git config --global --edit

After doing this, you may fix the identity used for this commit with:

    git commit --amend --reset-author

 1 file changed, 19 insertions(+)
To https://github.com/creyt2012/vetinh.git
   4e2347a..7e3b4f8  main -> main
Successfully pushed changes.
Change detected. Syncing to GitHub...
[main cd33435] Auto-sync: 2026-02-16 06:30:13
 Committer: Nguyễn Thành Biên <creytdeveloper@xdigital-2.local>
Your name and email address were configured automatically based
on your username and hostname. Please check that they are accurate.
You can suppress this message by setting them explicitly. Run the
following command and follow the instructions in your editor to edit
your configuration file:

    git config --global --edit

After doing this, you may fix the identity used for this commit with:

    git commit --amend --reset-author

 1 file changed, 19 insertions(+)
To https://github.com/creyt2012/vetinh.git
   7e3b4f8..cd33435  main -> main
Successfully pushed changes.
Change detected. Syncing to GitHub...
[main 1dc7637] Auto-sync: 2026-02-16 06:30:15
 Committer: Nguyễn Thành Biên <creytdeveloper@xdigital-2.local>
Your name and email address were configured automatically based
on your username and hostname. Please check that they are accurate.
You can suppress this message by setting them explicitly. Run the
following command and follow the instructions in your editor to edit
your configuration file:

    git config --global --edit

After doing this, you may fix the identity used for this commit with:

    git commit --amend --reset-author

 1 file changed, 19 insertions(+)
To https://github.com/creyt2012/vetinh.git
   cd33435..1dc7637  main -> main
Successfully pushed changes.
Change detected. Syncing to GitHub...
[main ce501f2] Auto-sync: 2026-02-16 06:35:42
 Committer: Nguyễn Thành Biên <creytdeveloper@xdigital-2.local>
Your name and email address were configured automatically based
on your username and hostname. Please check that they are accurate.
You can suppress this message by setting them explicitly. Run the
following command and follow the instructions in your editor to edit
your configuration file:

    git config --global --edit

After doing this, you may fix the identity used for this commit with:

    git commit --amend --reset-author

 1 file changed, 19 insertions(+)
To https://github.com/creyt2012/vetinh.git
   1dc7637..ce501f2  main -> main
Successfully pushed changes.
Change detected. Syncing to GitHub...
warning: adding embedded git repository: wiki_clone
hint: You've added another git repository inside your current repository.
hint: Clones of the outer repository will not contain the contents of
hint: the embedded repository and will not know how to obtain it.
hint: If you meant to add a submodule, use:
hint: 
hint: 	git submodule add <url> wiki_clone
hint: 
hint: If you added this path by mistake, you can remove it from the
hint: index with:
hint: 
hint: 	git rm --cached wiki_clone
hint: 
hint: See "git help submodule" for more information.
[main 2d64f68] Auto-sync: 2026-02-16 06:36:31
 Committer: Nguyễn Thành Biên <creytdeveloper@xdigital-2.local>
Your name and email address were configured automatically based
on your username and hostname. Please check that they are accurate.
You can suppress this message by setting them explicitly. Run the
following command and follow the instructions in your editor to edit
your configuration file:

    git config --global --edit

After doing this, you may fix the identity used for this commit with:

    git commit --amend --reset-author

 2 files changed, 20 insertions(+)
 create mode 160000 wiki_clone
To https://github.com/creyt2012/vetinh.git
   ce501f2..2d64f68  main -> main
Successfully pushed changes.
Change detected. Syncing to GitHub...
